Mon Dec 10 09:53:47 GMT 2018 : Apache Derby Network Server - 10.11.1.2 - (1629631) started and ready to accept connections on port 1527
----------------------------------------------------------------
Mon Dec 10 09:53:47 GMT 2018:
Booting Derby version The Apache Software Foundation - Apache Derby - 10.11.1.2 - (1629631): instance a816c00e-0167-9789-7290-ffffd4e49867 
on database directory C:\Users\Jacob\OneDrive\UWE-3\Enterprise Systems Development\ESD-1\DB\AlphaCab with class loader sun.misc.Launcher$AppClassLoader@1d44bcfa 
Loaded from file:/C:/Program%20Files/Java/jdk1.8.0_171/db/lib/derby.jar
java.vendor=Oracle Corporation
java.runtime.version=1.8.0_171-b11
user.dir=C:\Program Files\Java\jdk1.8.0_171\db
os.name=Windows 10
os.arch=amd64
os.version=10.0
derby.system.home=C:\Users\Jacob\OneDrive\UWE-3\Enterprise Systems Development\ESD-1\DB
Database Class Loader started - derby.database.classpath=''
----------------------------------------------------------------
Mon Dec 10 11:34:21 GMT 2018: Shutting down Derby engine
----------------------------------------------------------------
Mon Dec 10 11:34:21 GMT 2018:
Shutting down instance a816c00e-0167-9789-7290-ffffd4e49867 on database directory C:\Users\Jacob\OneDrive\UWE-3\Enterprise Systems Development\ESD-1\DB\AlphaCab with class loader sun.misc.Launcher$AppClassLoader@1d44bcfa 
----------------------------------------------------------------
